<?xml version="1.0" encoding="UTF-8"?>
<!-- Generated by org.testng.reporters.JUnitReportReporter -->
<testsuite skipped="2" hostname="USER" name="example.Test2" tests="5" failures="0" timestamp="04 Aug 2018 05:10:32 GMT" time="0.044" errors="0">
  <testcase name="getCurrentTimeStamp" time="0.028" classname="example.Test2"/>
  <testcase name="getCurrentTimeinMillis" time="0.004" classname="example.Test2"/>
  <testcase name="getCurrentTestCaseName" time="0.012" classname="example.Test2"/>
  <testcase name="getLengthofArray" classname="example.Test2">
    <skipped/>
  </testcase> <!-- getLengthofArray -->
  <testcase name="method1" classname="example.Test2">
    <skipped/>
  </testcase> <!-- method1 -->
</testsuite> <!-- example.Test2 -->
