<?xml version="1.0" encoding="UTF-8"?>
<!-- Generated by org.testng.reporters.JUnitReportReporter -->
<testsuite name="example.NewTest" tests="1" time="27.847" ignored="0" failures="0" timestamp="31 Jan 2018 04:49:20 GMT" skipped="0" hostname="USER" errors="0">
  <testcase name="f" time="27.847" classname="example.NewTest"/>
</testsuite> <!-- example.NewTest -->
