<?xml version="1.0" encoding="UTF-8"?>
<!-- Generated by org.testng.reporters.JUnitReportReporter -->
<testsuite skipped="0" hostname="USER" name="example.CookieTest" tests="1" failures="0" timestamp="15 Jul 2018 09:25:12 GMT" time="1.472" errors="0">
  <testcase name="logIn" time="1.472" classname="example.CookieTest"/>
</testsuite> <!-- example.CookieTest -->
