<?xml version="1.0" encoding="UTF-8"?>
<!-- Generated by org.testng.reporters.JUnitReportReporter -->
<testsuite name="example.NewTest" tests="1" time="33.477" ignored="0" failures="0" timestamp="27 Mar 2018 04:07:34 GMT" skipped="0" hostname="USER" errors="0">
  <testcase name="f" time="33.477" classname="example.NewTest"/>
</testsuite> <!-- example.NewTest -->
